c:\users\minhb\source\repos\diskschedulingproject\diskschedulingproject\debug\vc142.pdb
c:\users\minhb\source\repos\diskschedulingproject\diskschedulingproject\debug\vc142.idb
c:\users\minhb\source\repos\diskschedulingproject\diskschedulingproject\debug\diskschedulingproject.obj
c:\users\minhb\source\repos\diskschedulingproject\diskschedulingproject\debug\fcfs_algorithm.obj
c:\users\minhb\source\repos\diskschedulingproject\diskschedulingproject\debug\schedulingalgorithm.obj
c:\users\minhb\source\repos\diskschedulingproject\diskschedulingproject\debug\diskscheduling.obj
c:\diskscheduling-os-with-strategypattern\diskschedulingproject\debug\vc142.pdb
c:\diskscheduling-os-with-strategypattern\diskschedulingproject\debug\vc142.idb
c:\diskscheduling-os-with-strategypattern\diskschedulingproject\debug\schedulingalgorithm.obj
c:\diskscheduling-os-with-strategypattern\diskschedulingproject\debug\fcfs_algorithm.obj
c:\diskscheduling-os-with-strategypattern\diskschedulingproject\debug\diskschedulingproject.obj
c:\diskscheduling-os-with-strategypattern\diskschedulingproject\debug\diskscheduling.obj
c:\diskscheduling-os-with-strategypattern\diskschedulingproject\debug\scan_algorithm.obj
c:\users\minhb\source\repos\diskschedulingproject\debug\diskschedulingproject.exe
c:\users\minhb\source\repos\diskschedulingproject\debug\diskschedulingproject.ilk
c:\users\minhb\source\repos\diskschedulingproject\debug\diskschedulingproject.pdb
c:\diskscheduling-os-with-strategypattern\debug\diskschedulingproject.ilk
c:\diskscheduling-os-with-strategypattern\debug\diskschedulingproject.exe
c:\diskscheduling-os-with-strategypattern\debug\diskschedulingproject.pdb
c:\diskscheduling-os-with-strategypattern\diskschedulingproject\debug\diskschedulingproject.obj.enc
c:\diskscheduling-os-with-strategypattern\diskschedulingproject\debug\disksche.e6ceb969.tlog\cl.command.1.tlog
c:\diskscheduling-os-with-strategypattern\diskschedulingproject\debug\disksche.e6ceb969.tlog\cl.read.1.tlog
c:\diskscheduling-os-with-strategypattern\diskschedulingproject\debug\disksche.e6ceb969.tlog\cl.write.1.tlog
c:\diskscheduling-os-with-strategypattern\diskschedulingproject\debug\disksche.e6ceb969.tlog\link.command.1.tlog
c:\diskscheduling-os-with-strategypattern\diskschedulingproject\debug\disksche.e6ceb969.tlog\link.read.1.tlog
c:\diskscheduling-os-with-strategypattern\diskschedulingproject\debug\disksche.e6ceb969.tlog\link.write.1.tlog
